<?xml version="1.0" encoding="UTF-8"?>
<!-- Generated by org.testng.reporters.JUnitReportReporter -->
<testsuite hostname="LAPTOP-MCCOM0BI" failures="0" tests="3" name="test.Day4" time="0.011" errors="0" timestamp="2025-03-14T09:08:15 PST" skipped="0">
  <testcase classname="test.Day4" name="LoginAPIHomeLoan" time="0.008"/>
  <testcase classname="test.Day4" name="MobileLogInHomeLoan" time="0.002"/>
  <testcase classname="test.Day4" name="WebloginHomeLoan" time="0.001"/>
</testsuite> <!-- test.Day4 -->
