<?xml version="1.0" encoding="UTF-8"?>
<!-- Generated by org.testng.reporters.JUnitReportReporter -->
<testsuite hostname="LAPTOP-MCCOM0BI" failures="0" tests="2" name="test.Day1" time="0.017" errors="0" timestamp="2025-03-18T08:45:49 PST" skipped="0">
  <testcase classname="test.Day1" name="SecondTest" time="0.016"/>
  <testcase classname="test.Day1" name="demo" time="0.001"/>
</testsuite> <!-- test.Day1 -->
