<?xml version="1.0" encoding="UTF-8"?>
<!-- Generated by org.testng.reporters.JUnitReportReporter -->
<testsuite hostname="LAPTOP-MCCOM0BI" failures="0" tests="7" name="test.Day3" time="0.023" errors="0" timestamp="2025-03-11T15:22:24 PST" skipped="1">
  <testcase classname="test.Day3" name="WebloginCarLoan" time="0.001"/>
  <testcase classname="test.Day3" name="MobileLogOutcarLoan" time="0.003"/>
  <testcase classname="test.Day3" name="LoginAPIcarLoan" time="0.003"/>
  <testcase classname="test.Day3" name="MobileLogIncarLoan" time="0.004"/>
  <testcase classname="test.Day3" name="MobileLogOutcarLoan" time="0.009"/>
  <testcase classname="test.Day3" name="MobileLogOutcarLoan" time="0.003"/>
  <testcase classname="test.Day3" name="MobileSignIncarLoan">
    <skipped/>
  </testcase> <!-- MobileSignIncarLoan -->
</testsuite> <!-- test.Day3 -->
