<?xml version="1.0" encoding="UTF-8"?>
<!-- Generated by org.testng.reporters.JUnitReportReporter -->
<testsuite hostname="LAPTOP-MCCOM0BI" failures="0" tests="1" name="test.RESTAPITest" time="0.018" errors="0" timestamp="2025-03-19T10:58:40 PST" skipped="0">
  <testcase classname="test.RESTAPITest" name="postJira" time="0.018"/>
</testsuite> <!-- test.RESTAPITest -->
