<?xml version="1.0" encoding="UTF-8"?>
<!-- Generated by org.testng.reporters.JUnitReportReporter -->
<testsuite hostname="LAPTOP-MCCOM0BI" failures="0" tests="1" name="test.Day2" time="0.002" errors="0" timestamp="2025-03-11T15:22:24 PST" skipped="0">
  <testcase classname="test.Day2" name="loan" time="0.002"/>
</testsuite> <!-- test.Day2 -->
