<?xml version="1.0" encoding="UTF-8"?>
<!-- Generated by org.testng.reporters.JUnitReportReporter -->
<testsuite hostname="LAPTOP-MCCOM0BI" failures="0" tests="1" name="test.PS2" time="0.013" errors="0" timestamp="2025-03-11T16:49:52 PST" skipped="0">
  <testcase classname="test.PS2" name="testRun" time="0.013"/>
</testsuite> <!-- test.PS2 -->
